<?xml version="1.0" encoding="UTF-8"?>
<testsuite xmlns:xsi="http://www.w3.org/2001/XMLSchema-instance" xsi:noNamespaceSchemaLocation="https://maven.apache.org/surefire/maven-surefire-plugin/xsd/surefire-test-report.xsd" version="3.0.2" name="com.hackathon.myhackathonapp.myhackathonappApplicationTests" time="3.339" tests="1" errors="0" skipped="0" failures="0">
  <properties>
[...]
</properties>
  <testcase name="contextLoads" classname="com.hackathon.myhackathonapp.myhackathonappApplicationTests" time="0.774">
    <system-out><![CDATA[21:08:13.877 [main] INFO org.springframework.test.context.support.AnnotationConfigContextLoaderUtils -- Could not detect default configuration classes for test class [com.hackathon.myhackathonapp.myhackathonappApplicationTests]: myhackathonappApplicationTests does not declare any static, non-private, non-final, nested classes annotated with @Configuration.
21:08:14.030 [main] INFO org.springframework.boot.test.context.SpringBootTestContextBootstrapper -- Found @SpringBootConfiguration com.hackathon.myhackathonapp.myhackathonappApplication for test class com.hackathon.myhackathonapp.myhackathonappApplicationTests

  .   ____          _            __ _ _
 /\\ / ___'_ __ _ _(_)_ __  __ _ \ \ \ \
( ( )\___ | '_ | '_| | '_ \/ _` | \ \ \ \
 \\/  ___)| |_)| | | | | || (_| |  ) ) ) )
  '  |____| .__|_| |_|_| |_\__, | / / / /
 =========|_|==============|___/=/_/_/_/

 :: Spring Boot ::       (v3.4.7-SNAPSHOT)

2025-06-10T21:08:14.636+05:30  INFO 31252 --- [myhackathonapp] [           main] c.h.m.myhackathonappApplicationTests     : Starting myhackathonappApplicationTests using Java 17.0.15 with PID 31252 (started by anuga in C:\Users\anuga\OneDrive\Documents\Gangambika\Hackathon app\myhackathonapp\myhackathonapp)
2025-06-10T21:08:14.639+05:30  INFO 31252 --- [myhackathonapp] [           main] c.h.m.myhackathonappApplicationTests     : No active profile set, falling back to 1 default profile: "default"
2025-06-10T21:08:16.234+05:30  INFO 31252 --- [myhackathonapp] [           main] c.h.m.myhackathonappApplicationTests     : Started myhackathonappApplicationTests in 1.972 seconds (process running for 3.633)
]]></system-out>
  </testcase>
</testsuite>